VCD info: dumpfile wave.vcd opened for output.
VCD warning: $dumpvars: Package ($unit) is not dumpable with VCD.
[61410] top.BLK_MST[0].u_tester.memory_test   RAW 00000000-000003ff 4-byte test OK
[61450] top.BLK_MST[1].u_tester.memory_test   RAW 00000400-000007ff 4-byte test OK
[61490] top.BLK_MST[2].u_tester.memory_test   RAW 00000800-00000bff 4-byte test OK
[122610] top.BLK_MST[0].u_tester.memory_test RAAWA 00000000-000003ff 4-byte test OK
[122650] top.BLK_MST[1].u_tester.memory_test RAAWA 00000400-000007ff 4-byte test OK
[122690] top.BLK_MST[2].u_tester.memory_test RAAWA 00000800-00000bff 4-byte test OK
[245250] top.BLK_MST[0].u_tester.memory_test   RAW 00000000-000003ff 2-byte test OK
[245290] top.BLK_MST[1].u_tester.memory_test   RAW 00000400-000007ff 2-byte test OK
[245330] top.BLK_MST[2].u_tester.memory_test   RAW 00000800-00000bff 2-byte test OK
[367890] top.BLK_MST[0].u_tester.memory_test RAAWA 00000000-000003ff 2-byte test OK
[367930] top.BLK_MST[1].u_tester.memory_test RAAWA 00000400-000007ff 2-byte test OK
[367970] top.BLK_MST[2].u_tester.memory_test RAAWA 00000800-00000bff 2-byte test OK
[613410] top.BLK_MST[0].u_tester.memory_test   RAW 00000000-000003ff 1-byte test OK
[613450] top.BLK_MST[1].u_tester.memory_test   RAW 00000400-000007ff 1-byte test OK
[613490] top.BLK_MST[2].u_tester.memory_test   RAW 00000800-00000bff 1-byte test OK
[858930] top.BLK_MST[0].u_tester.memory_test RAAWA 00000000-000003ff 1-byte test OK
[858970] top.BLK_MST[1].u_tester.memory_test RAAWA 00000400-000007ff 1-byte test OK
[859010] top.BLK_MST[2].u_tester.memory_test RAAWA 00000800-00000bff 1-byte test OK
[920130] top.BLK_MST[0].u_tester.memory_test   RAW 00000400-000007ff 4-byte test OK
[920170] top.BLK_MST[1].u_tester.memory_test   RAW 00000800-00000bff 4-byte test OK
[920210] top.BLK_MST[2].u_tester.memory_test   RAW 00000c00-00000fff 4-byte test OK
[981330] top.BLK_MST[0].u_tester.memory_test RAAWA 00000400-000007ff 4-byte test OK
[981370] top.BLK_MST[1].u_tester.memory_test RAAWA 00000800-00000bff 4-byte test OK
[981410] top.BLK_MST[2].u_tester.memory_test RAAWA 00000c00-00000fff 4-byte test OK
[1103970] top.BLK_MST[0].u_tester.memory_test   RAW 00000400-000007ff 2-byte test OK
[1104010] top.BLK_MST[1].u_tester.memory_test   RAW 00000800-00000bff 2-byte test OK
[1104050] top.BLK_MST[2].u_tester.memory_test   RAW 00000c00-00000fff 2-byte test OK
[1226610] top.BLK_MST[0].u_tester.memory_test RAAWA 00000400-000007ff 2-byte test OK
[1226650] top.BLK_MST[1].u_tester.memory_test RAAWA 00000800-00000bff 2-byte test OK
[1226690] top.BLK_MST[2].u_tester.memory_test RAAWA 00000c00-00000fff 2-byte test OK
[1472130] top.BLK_MST[0].u_tester.memory_test   RAW 00000400-000007ff 1-byte test OK
[1472170] top.BLK_MST[1].u_tester.memory_test   RAW 00000800-00000bff 1-byte test OK
[1472210] top.BLK_MST[2].u_tester.memory_test   RAW 00000c00-00000fff 1-byte test OK
[1717650] top.BLK_MST[0].u_tester.memory_test RAAWA 00000400-000007ff 1-byte test OK
[1717690] top.BLK_MST[1].u_tester.memory_test RAAWA 00000800-00000bff 1-byte test OK
[1717730] top.BLK_MST[2].u_tester.memory_test RAAWA 00000c00-00000fff 1-byte test OK
[1778850] top.BLK_MST[0].u_tester.memory_test   RAW 00000800-00000bff 4-byte test OK
[1778890] top.BLK_MST[1].u_tester.memory_test   RAW 00000c00-00000fff 4-byte test OK
[1778930] top.BLK_MST[2].u_tester.memory_test   RAW 00000000-000003ff 4-byte test OK
[1840050] top.BLK_MST[0].u_tester.memory_test RAAWA 00000800-00000bff 4-byte test OK
[1840090] top.BLK_MST[1].u_tester.memory_test RAAWA 00000c00-00000fff 4-byte test OK
[1840130] top.BLK_MST[2].u_tester.memory_test RAAWA 00000000-000003ff 4-byte test OK
[1962690] top.BLK_MST[0].u_tester.memory_test   RAW 00000800-00000bff 2-byte test OK
[1962730] top.BLK_MST[1].u_tester.memory_test   RAW 00000c00-00000fff 2-byte test OK
[1962770] top.BLK_MST[2].u_tester.memory_test   RAW 00000000-000003ff 2-byte test OK
[2085330] top.BLK_MST[0].u_tester.memory_test RAAWA 00000800-00000bff 2-byte test OK
[2085370] top.BLK_MST[1].u_tester.memory_test RAAWA 00000c00-00000fff 2-byte test OK
[2085410] top.BLK_MST[2].u_tester.memory_test RAAWA 00000000-000003ff 2-byte test OK
[2330850] top.BLK_MST[0].u_tester.memory_test   RAW 00000800-00000bff 1-byte test OK
[2330890] top.BLK_MST[1].u_tester.memory_test   RAW 00000c00-00000fff 1-byte test OK
[2330930] top.BLK_MST[2].u_tester.memory_test   RAW 00000000-000003ff 1-byte test OK
[2576370] top.BLK_MST[0].u_tester.memory_test RAAWA 00000800-00000bff 1-byte test OK
[2576410] top.BLK_MST[1].u_tester.memory_test RAAWA 00000c00-00000fff 1-byte test OK
[2576450] top.BLK_MST[2].u_tester.memory_test RAAWA 00000000-000003ff 1-byte test OK
[2637570] top.BLK_MST[0].u_tester.memory_test   RAW 00000c00-00000fff 4-byte test OK
[2637610] top.BLK_MST[1].u_tester.memory_test   RAW 00000000-000003ff 4-byte test OK
[2637650] top.BLK_MST[2].u_tester.memory_test   RAW 00000400-000007ff 4-byte test OK
[2698770] top.BLK_MST[0].u_tester.memory_test RAAWA 00000c00-00000fff 4-byte test OK
[2698810] top.BLK_MST[1].u_tester.memory_test RAAWA 00000000-000003ff 4-byte test OK
[2698850] top.BLK_MST[2].u_tester.memory_test RAAWA 00000400-000007ff 4-byte test OK
[2821410] top.BLK_MST[0].u_tester.memory_test   RAW 00000c00-00000fff 2-byte test OK
[2821450] top.BLK_MST[1].u_tester.memory_test   RAW 00000000-000003ff 2-byte test OK
[2821490] top.BLK_MST[2].u_tester.memory_test   RAW 00000400-000007ff 2-byte test OK
[2944050] top.BLK_MST[0].u_tester.memory_test RAAWA 00000c00-00000fff 2-byte test OK
[2944090] top.BLK_MST[1].u_tester.memory_test RAAWA 00000000-000003ff 2-byte test OK
[2944130] top.BLK_MST[2].u_tester.memory_test RAAWA 00000400-000007ff 2-byte test OK
[3189570] top.BLK_MST[0].u_tester.memory_test   RAW 00000c00-00000fff 1-byte test OK
[3189610] top.BLK_MST[1].u_tester.memory_test   RAW 00000000-000003ff 1-byte test OK
[3189650] top.BLK_MST[2].u_tester.memory_test   RAW 00000400-000007ff 1-byte test OK
[3435090] top.BLK_MST[0].u_tester.memory_test RAAWA 00000c00-00000fff 1-byte test OK
[3435130] top.BLK_MST[1].u_tester.memory_test RAAWA 00000000-000003ff 1-byte test OK
[3435170] top.BLK_MST[2].u_tester.memory_test RAAWA 00000400-000007ff 1-byte test OK
top.BLK_MST[0].u_tester.memory_test_burst   4-length burst RAW OK: from 00000000h to 000003ffh
top.BLK_MST[1].u_tester.memory_test_burst   4-length burst RAW OK: from 00000400h to 000007ffh
top.BLK_MST[2].u_tester.memory_test_burst   4-length burst RAW OK: from 00000800h to 00000bffh
top.BLK_MST[0].u_tester.memory_test_burst   8-length burst RAW OK: from 00000000h to 000003ffh
top.BLK_MST[1].u_tester.memory_test_burst   8-length burst RAW OK: from 00000400h to 000007ffh
top.BLK_MST[2].u_tester.memory_test_burst   8-length burst RAW OK: from 00000800h to 00000bffh
top.BLK_MST[0].u_tester.memory_test_burst  16-length burst RAW OK: from 00000000h to 000003ffh
top.BLK_MST[1].u_tester.memory_test_burst  16-length burst RAW OK: from 00000400h to 000007ffh
top.BLK_MST[2].u_tester.memory_test_burst  16-length burst RAW OK: from 00000800h to 00000bffh
top.BLK_MST[0].u_tester.memory_test_burst   4-length burst RAW OK: from 00000400h to 000007ffh
top.BLK_MST[1].u_tester.memory_test_burst   4-length burst RAW OK: from 00000800h to 00000bffh
top.BLK_MST[2].u_tester.memory_test_burst   4-length burst RAW OK: from 00000c00h to 00000fffh
top.BLK_MST[0].u_tester.memory_test_burst   8-length burst RAW OK: from 00000400h to 000007ffh
top.BLK_MST[1].u_tester.memory_test_burst   8-length burst RAW OK: from 00000800h to 00000bffh
top.BLK_MST[2].u_tester.memory_test_burst   8-length burst RAW OK: from 00000c00h to 00000fffh
top.BLK_MST[0].u_tester.memory_test_burst  16-length burst RAW OK: from 00000400h to 000007ffh
top.BLK_MST[1].u_tester.memory_test_burst  16-length burst RAW OK: from 00000800h to 00000bffh
top.BLK_MST[2].u_tester.memory_test_burst  16-length burst RAW OK: from 00000c00h to 00000fffh
top.BLK_MST[0].u_tester.memory_test_burst   4-length burst RAW OK: from 00000800h to 00000bffh
top.BLK_MST[1].u_tester.memory_test_burst   4-length burst RAW OK: from 00000c00h to 00000fffh
top.BLK_MST[2].u_tester.memory_test_burst   4-length burst RAW OK: from 00000000h to 000003ffh
top.BLK_MST[0].u_tester.memory_test_burst   8-length burst RAW OK: from 00000800h to 00000bffh
top.BLK_MST[1].u_tester.memory_test_burst   8-length burst RAW OK: from 00000c00h to 00000fffh
top.BLK_MST[2].u_tester.memory_test_burst   8-length burst RAW OK: from 00000000h to 000003ffh
top.BLK_MST[0].u_tester.memory_test_burst  16-length burst RAW OK: from 00000800h to 00000bffh
top.BLK_MST[1].u_tester.memory_test_burst  16-length burst RAW OK: from 00000c00h to 00000fffh
top.BLK_MST[2].u_tester.memory_test_burst  16-length burst RAW OK: from 00000000h to 000003ffh
top.BLK_MST[0].u_tester.memory_test_burst   4-length burst RAW OK: from 00000c00h to 00000fffh
top.BLK_MST[1].u_tester.memory_test_burst   4-length burst RAW OK: from 00000000h to 000003ffh
top.BLK_MST[2].u_tester.memory_test_burst   4-length burst RAW OK: from 00000400h to 000007ffh
top.BLK_MST[0].u_tester.memory_test_burst   8-length burst RAW OK: from 00000c00h to 00000fffh
top.BLK_MST[1].u_tester.memory_test_burst   8-length burst RAW OK: from 00000000h to 000003ffh
top.BLK_MST[2].u_tester.memory_test_burst   8-length burst RAW OK: from 00000400h to 000007ffh
top.BLK_MST[0].u_tester.memory_test_burst  16-length burst RAW OK: from 00000c00h to 00000fffh
top.BLK_MST[1].u_tester.memory_test_burst  16-length burst RAW OK: from 00000000h to 000003ffh
top.BLK_MST[2].u_tester.memory_test_burst  16-length burst RAW OK: from 00000400h to 000007ffh
../../design/top.v:205: $finish(2) called at 3791110 (1ns)
